0 info it worked if it ends with ok
1 verbose cli [ 'node', '/usr/local/bin/npm', 'run', 'test' ]
2 info using npm@1.4.14
3 info using node@v0.10.29
4 verbose run-script [ 'pretest', 'test', 'posttest' ]
5 info pretest voting-client@0.0.0
6 info test voting-client@0.0.0
7 verbose unsafe-perm in lifecycle true
8 info voting-client@0.0.0 Failed to exec test script
9 error voting-client@0.0.0 test: `mocha --compilers js:babel-core/register --require ./test/test_helper.js 'test/**/*.@(js|jsx)'`
9 error Exit status 2
10 error Failed at the voting-client@0.0.0 test script.
10 error This is most likely a problem with the voting-client package,
10 error not with npm itself.
10 error Tell the author that this fails on your system:
10 error     mocha --compilers js:babel-core/register --require ./test/test_helper.js 'test/**/*.@(js|jsx)'
10 error You can get their info via:
10 error     npm owner ls voting-client
10 error There is likely additional logging output above.
11 error System Darwin 11.4.2
12 error command "node" "/usr/local/bin/npm" "run" "test"
13 error cwd /Users/Nolan_/Code/voting-app-two/voting-client
14 error node -v v0.10.29
15 error npm -v 1.4.14
16 error code ELIFECYCLE
17 verbose exit [ 1, true ]
